2023-12-12 10:37:22,923 - main - INFO - Application Historical Society Scrapper Started
2023-12-12 10:38:08,363 - main.__main__ - ERROR - ManitobaHistoricalScrapper/get_site_info_from_dic/Parse through Sources: 'NoneType' object has no attribute 'text' 
Url: http://www.mhs.mb.ca/docs/sites/stouensschool.shtml

2023-12-12 10:38:29,577 - main.__main__ - ERROR - ManitobaHistoricalScrapper/get_site_info_from_dic/Parse through Sources: 'NoneType' object has no attribute 'text' 
Url: http://www.mhs.mb.ca/docs/sites/springvalleyschool.shtml

2023-12-12 10:38:35,232 - main.__main__ - ERROR - ManitobaHistoricalScrapper/get_site_info_from_dic/Get Image Block: 'NoneType' object has no attribute 'tr' 
Url: http://www.mhs.mb.ca/docs/sites/brownbarn.shtml

2023-12-12 10:38:35,233 - main.__main__ - ERROR - ManitobaHistoricalScrapper/get_site_info_from_dic/Parse_Site_Webpage: 'NoneType' object has no attribute 'contents'
2023-12-12 10:38:35,332 - main.__main__ - ERROR - ManitobaHistoricalScrapper/get_site_info_from_dic/Get Image Block: 'NoneType' object has no attribute 'tr' 
Url: http://www.mhs.mb.ca/docs/sites/izonbarn.shtml

2023-12-12 10:38:35,333 - main.__main__ - ERROR - ManitobaHistoricalScrapper/get_site_info_from_dic/Parse_Site_Webpage: 'NoneType' object has no attribute 'contents'
2023-12-12 10:38:41,720 - main.__main__ - ERROR - ManitobaHistoricalScrapper/get_site_info_from_dic/Parse through Sources: 'NoneType' object has no attribute 'text' 
Url: http://www.mhs.mb.ca/docs/sites/piersoncemetery.shtml

2023-12-12 10:38:54,019 - main.__main__ - ERROR - ManitobaHistoricalScrapper/get_site_info_from_dic/Parse through Sources: 'NoneType' object has no attribute 'text' 
Url: http://www.mhs.mb.ca/docs/sites/doroshenkoschool.shtml

2023-12-12 10:39:17,665 - main.__main__ - ERROR - ManitobaHistoricalScrapper/get_site_info_from_dic/Parse_Site_Webpage: list index out of range
2023-12-12 10:39:33,579 - main.__main__ - ERROR - ManitobaHistoricalScrapper/get_site_info_from_dic/Get Image Block: 'NoneType' object has no attribute 'tr' 
Url: http://www.mhs.mb.ca/docs/sites/chortitzacemetery.shtml

2023-12-12 10:39:33,579 - main.__main__ - ERROR - ManitobaHistoricalScrapper/get_site_info_from_dic/Parse_Site_Webpage: 'NoneType' object has no attribute 'contents'
2023-12-12 10:39:33,977 - main.__main__ - ERROR - ManitobaHistoricalScrapper/get_site_info_from_dic/Get Image Block: 'NoneType' object has no attribute 'tr' 
Url: http://www.mhs.mb.ca/docs/sites/wittickbarn.shtml

2023-12-12 10:39:33,977 - main.__main__ - ERROR - ManitobaHistoricalScrapper/get_site_info_from_dic/Parse_Site_Webpage: 'NoneType' object has no attribute 'contents'
2023-12-12 10:39:35,603 - main.__main__ - ERROR - ManitobaHistoricalScrapper/get_site_info_from_dic/Parse through Sources: 'NoneType' object has no attribute 'text' 
Url: http://www.mhs.mb.ca/docs/sites/sandylakewarmemorial.shtml

2023-12-12 10:39:37,796 - main.__main__ - ERROR - ManitobaHistoricalScrapper/get_site_info_from_dic/Parse through Sources: 'NoneType' object has no attribute 'text' 
Url: http://www.mhs.mb.ca/docs/sites/queenofheavencemetery.shtml

2023-12-12 10:39:50,370 - main.__main__ - ERROR - ManitobaHistoricalScrapper/get_site_info_from_dic/Get Image Block: 'NoneType' object has no attribute 'tr' 
Url: http://www.mhs.mb.ca/docs/sites/sangsterbarn.shtml

2023-12-12 10:39:50,371 - main.__main__ - ERROR - ManitobaHistoricalScrapper/get_site_info_from_dic/Parse_Site_Webpage: 'NoneType' object has no attribute 'contents'
2023-12-12 10:40:00,001 - main.__main__ - ERROR - ManitobaHistoricalScrapper/get_site_info_from_dic/Get Image Block: 'NoneType' object has no attribute 'tr' 
Url: http://www.mhs.mb.ca/docs/sites/comtebarn.shtml

2023-12-12 10:40:00,002 - main.__main__ - ERROR - ManitobaHistoricalScrapper/get_site_info_from_dic/Parse_Site_Webpage: 'NoneType' object has no attribute 'contents'
2023-12-12 10:40:07,285 - main.__main__ - ERROR - ManitobaHistoricalScrapper/get_site_info_from_dic/Get Image Block: 'NoneType' object has no attribute 'tr' 
Url: http://www.mhs.mb.ca/docs/sites/rochanbarn.shtml

2023-12-12 10:40:07,285 - main.__main__ - ERROR - ManitobaHistoricalScrapper/get_site_info_from_dic/Parse_Site_Webpage: 'NoneType' object has no attribute 'contents'
2023-12-12 10:40:24,111 - main.__main__ - ERROR - ManitobaHistoricalScrapper/get_site_info_from_dic/Get Image Block: 'NoneType' object has no attribute 'tr' 
Url: http://www.mhs.mb.ca/docs/sites/loganbarn.shtml

2023-12-12 10:40:24,111 - main.__main__ - ERROR - ManitobaHistoricalScrapper/get_site_info_from_dic/Parse_Site_Webpage: 'NoneType' object has no attribute 'contents'
2023-12-12 10:40:38,474 - main.__main__ - ERROR - ManitobaHistoricalScrapper/get_site_info_from_dic/Get Sources: 'NoneType' object has no attribute 'find_next_sibling' 
Url: http://www.mhs.mb.ca/docs/sites/forkriverrccemetery.shtml

2023-12-12 10:40:51,101 - main.__main__ - ERROR - ManitobaHistoricalScrapper/get_site_info_from_dic/Get Image Block: 'NoneType' object has no attribute 'tr' 
Url: http://www.mhs.mb.ca/docs/sites/cliffordbarn.shtml

2023-12-12 10:40:51,101 - main.__main__ - ERROR - ManitobaHistoricalScrapper/get_site_info_from_dic/Parse_Site_Webpage: 'NoneType' object has no attribute 'contents'
2023-12-12 10:40:51,230 - main.__main__ - ERROR - ManitobaHistoricalScrapper/get_site_info_from_dic/Get Image Block: 'NoneType' object has no attribute 'tr' 
Url: http://www.mhs.mb.ca/docs/sites/uprightsilo.shtml

2023-12-12 10:40:51,231 - main.__main__ - ERROR - ManitobaHistoricalScrapper/get_site_info_from_dic/Parse_Site_Webpage: 'NoneType' object has no attribute 'contents'
2023-12-12 10:41:08,125 - main.__main__ - ERROR - ManitobaHistoricalScrapper/get_site_info_from_dic/Get Image Block: 'NoneType' object has no attribute 'tr' 
Url: http://www.mhs.mb.ca/docs/sites/deamelbarn.shtml

2023-12-12 10:41:08,126 - main.__main__ - ERROR - ManitobaHistoricalScrapper/get_site_info_from_dic/Parse_Site_Webpage: 'NoneType' object has no attribute 'contents'
2023-12-12 10:41:08,231 - main.__main__ - ERROR - ManitobaHistoricalScrapper/get_site_info_from_dic/Get Image Block: 'NoneType' object has no attribute 'tr' 
Url: http://www.mhs.mb.ca/docs/sites/baldwinbarn.shtml

2023-12-12 10:41:08,231 - main.__main__ - ERROR - ManitobaHistoricalScrapper/get_site_info_from_dic/Parse_Site_Webpage: 'NoneType' object has no attribute 'contents'
2023-12-12 10:41:20,589 - main.__main__ - ERROR - ManitobaHistoricalScrapper/get_site_info_from_dic/Parse through Sources: 'NoneType' object has no attribute 'text' 
Url: http://www.mhs.mb.ca/docs/sites/parishlot26.shtml

2023-12-12 10:41:25,949 - main.__main__ - ERROR - ManitobaHistoricalScrapper/get_site_info_from_dic/Get Image Block: 'NoneType' object has no attribute 'tr' 
Url: http://www.mhs.mb.ca/docs/sites/hillbarn.shtml

2023-12-12 10:41:25,949 - main.__main__ - ERROR - ManitobaHistoricalScrapper/get_site_info_from_dic/Parse_Site_Webpage: 'NoneType' object has no attribute 'contents'
2023-12-12 10:41:30,290 - main.__main__ - ERROR - ManitobaHistoricalScrapper/get_site_info_from_dic/Get Image Block: 'NoneType' object has no attribute 'tr' 
Url: http://www.mhs.mb.ca/docs/sites/neufeldhousebarn.shtml

2023-12-12 10:41:30,290 - main.__main__ - ERROR - ManitobaHistoricalScrapper/get_site_info_from_dic/Parse_Site_Webpage: 'NoneType' object has no attribute 'contents'
2023-12-12 10:41:39,552 - main.__main__ - ERROR - ManitobaHistoricalScrapper/get_site_info_from_dic/Get Image Block: 'NoneType' object has no attribute 'tr' 
Url: http://www.mhs.mb.ca/docs/sites/hazeldellschool.shtml

2023-12-12 10:41:39,553 - main.__main__ - ERROR - ManitobaHistoricalScrapper/get_site_info_from_dic/Parse_Site_Webpage: 'NoneType' object has no attribute 'contents'
2023-12-12 10:41:40,496 - main.__main__ - ERROR - ManitobaHistoricalScrapper/get_site_info_from_dic/Get Image Block: 'NoneType' object has no attribute 'tr' 
Url: http://www.mhs.mb.ca/docs/sites/langtryfoxfarm.shtml

2023-12-12 10:41:40,497 - main.__main__ - ERROR - ManitobaHistoricalScrapper/get_site_info_from_dic/Parse_Site_Webpage: 'NoneType' object has no attribute 'contents'
2023-12-12 10:41:50,024 - main.__main__ - ERROR - ManitobaHistoricalScrapper/get_site_info_from_dic/Get Image Block: 'NoneType' object has no attribute 'tr' 
Url: http://www.mhs.mb.ca/docs/sites/jacksonbarn.shtml

2023-12-12 10:41:50,024 - main.__main__ - ERROR - ManitobaHistoricalScrapper/get_site_info_from_dic/Parse_Site_Webpage: 'NoneType' object has no attribute 'contents'
2023-12-12 10:42:06,519 - main.__main__ - ERROR - ManitobaHistoricalScrapper/get_site_info_from_dic/Get Image Block: 'NoneType' object has no attribute 'tr' 
Url: http://www.mhs.mb.ca/docs/sites/boultoncentenary.shtml

2023-12-12 10:42:06,520 - main.__main__ - ERROR - ManitobaHistoricalScrapper/get_site_info_from_dic/Parse_Site_Webpage: 'NoneType' object has no attribute 'contents'
2023-12-12 10:42:22,209 - main.__main__ - ERROR - ManitobaHistoricalScrapper/get_site_info_from_dic/Get Image Block: 'NoneType' object has no attribute 'tr' 
Url: http://www.mhs.mb.ca/docs/sites/davidsonbarn.shtml

2023-12-12 10:42:22,209 - main.__main__ - ERROR - ManitobaHistoricalScrapper/get_site_info_from_dic/Parse_Site_Webpage: 'NoneType' object has no attribute 'contents'
2023-12-12 10:42:34,316 - main.__main__ - ERROR - ManitobaHistoricalScrapper/get_site_info_from_dic/Get Image Block: 'NoneType' object has no attribute 'tr' 
Url: http://www.mhs.mb.ca/docs/sites/overwaterbarn.shtml

2023-12-12 10:42:34,317 - main.__main__ - ERROR - ManitobaHistoricalScrapper/get_site_info_from_dic/Parse_Site_Webpage: 'NoneType' object has no attribute 'contents'
2023-12-12 10:43:10,200 - main.__main__ - ERROR - ManitobaHistoricalScrapper/get_site_info_from_dic/Get Image Block: 'NoneType' object has no attribute 'tr' 
Url: http://www.mhs.mb.ca/docs/sites/alexanderbarn.shtml

2023-12-12 10:43:10,200 - main.__main__ - ERROR - ManitobaHistoricalScrapper/get_site_info_from_dic/Parse_Site_Webpage: 'NoneType' object has no attribute 'contents'
2023-12-12 10:43:34,130 - main.__main__ - ERROR - ManitobaHistoricalScrapper/get_site_info_from_dic/Get Image Block: 'NoneType' object has no attribute 'tr' 
Url: http://www.mhs.mb.ca/docs/sites/winklerjewishsettlers.shtml

2023-12-12 10:43:34,130 - main.__main__ - ERROR - ManitobaHistoricalScrapper/get_site_info_from_dic/Parse_Site_Webpage: 'NoneType' object has no attribute 'contents'
2023-12-12 10:43:36,363 - main.__main__ - ERROR - ManitobaHistoricalScrapper/get_site_info_from_dic/Parse through Sources: 'NoneType' object has no attribute 'text' 
Url: http://www.mhs.mb.ca/docs/sites/adelmanbuilding.shtml

2023-12-12 10:43:36,661 - main.__main__ - ERROR - ManitobaHistoricalScrapper/get_site_info_from_dic/Parse through Sources: 'NoneType' object has no attribute 'text' 
Url: http://www.mhs.mb.ca/docs/sites/firehall12.shtml

2023-12-12 10:44:04,181 - main.__main__ - ERROR - ManitobaHistoricalScrapper/get_site_info_from_dic/Get Image Block: 'NoneType' object has no attribute 'tr' 
Url: http://www.mhs.mb.ca/docs/sites/volunteermonument.shtml

2023-12-12 10:44:04,181 - main.__main__ - ERROR - ManitobaHistoricalScrapper/get_site_info_from_dic/Parse_Site_Webpage: 'NoneType' object has no attribute 'contents'
2023-12-12 10:44:27,222 - main.__main__ - ERROR - ManitobaHistoricalScrapper/get_site_info_from_dic/Parse through Sources: 'NoneType' object has no attribute 'text' 
Url: http://www.mhs.mb.ca/docs/sites/tache_aa.shtml

2023-12-12 10:44:27,453 - main.__main__ - ERROR - ManitobaHistoricalScrapper/get_site_info_from_dic/Parse through Sources: 'NoneType' object has no attribute 'text' 
Url: http://www.mhs.mb.ca/docs/sites/tachehouse.shtml

2023-12-12 10:44:27,556 - main.__main__ - ERROR - ManitobaHistoricalScrapper/get_site_info_from_dic/Parse through Sources: 'NoneType' object has no attribute 'text' 
Url: http://www.mhs.mb.ca/docs/sites/greynuns.shtml

2023-12-12 10:44:27,810 - main.__main__ - ERROR - ManitobaHistoricalScrapper/get_site_info_from_dic/Parse through Sources: 'NoneType' object has no attribute 'text' 
Url: http://www.mhs.mb.ca/docs/sites/belgianwarmemorial.shtml

2023-12-12 10:44:27,972 - main.__main__ - ERROR - ManitobaHistoricalScrapper/get_site_info_from_dic/Parse through Sources: 'NoneType' object has no attribute 'text' 
Url: http://www.mhs.mb.ca/docs/sites/redriverbridges.shtml

2023-12-12 10:44:28,193 - main.__main__ - ERROR - ManitobaHistoricalScrapper/get_site_info_from_dic/Parse through Sources: 'NoneType' object has no attribute 'text' 
Url: http://www.mhs.mb.ca/docs/sites/goulet_e.shtml

2023-12-12 10:44:28,761 - main.__main__ - ERROR - ManitobaHistoricalScrapper/get_site_info_from_dic/Parse through Sources: 'NoneType' object has no attribute 'text' 
Url: http://www.mhs.mb.ca/docs/sites/shoallakeaqueduct.shtml

2023-12-12 10:44:28,879 - main.__main__ - ERROR - ManitobaHistoricalScrapper/get_site_info_from_dic/Parse through Sources: 'NoneType' object has no attribute 'text' 
Url: http://www.mhs.mb.ca/docs/sites/laverendryepark.shtml

2023-12-12 10:44:28,977 - main.__main__ - ERROR - ManitobaHistoricalScrapper/get_site_info_from_dic/Parse through Sources: 'NoneType' object has no attribute 'text' 
Url: http://www.mhs.mb.ca/docs/sites/norwoodbridge.shtml

2023-12-12 10:44:29,208 - main.__main__ - ERROR - ManitobaHistoricalScrapper/get_site_info_from_dic/Parse through Sources: 'NoneType' object has no attribute 'text' 
Url: http://www.mhs.mb.ca/docs/sites/greynuns2.shtml

2023-12-12 10:44:29,465 - main.__main__ - ERROR - ManitobaHistoricalScrapper/get_site_info_from_dic/Parse through Sources: 'NoneType' object has no attribute 'text' 
Url: http://www.mhs.mb.ca/docs/sites/provencher_jn.shtml

2023-12-12 10:44:29,701 - main.__main__ - ERROR - ManitobaHistoricalScrapper/get_site_info_from_dic/Parse through Sources: 'NoneType' object has no attribute 'text' 
Url: http://www.mhs.mb.ca/docs/sites/rielmillstones.shtml

2023-12-12 10:44:32,052 - main.__main__ - ERROR - ManitobaHistoricalScrapper/get_site_info_from_dic/Parse through Sources: 'NoneType' object has no attribute 'text' 
Url: http://www.mhs.mb.ca/docs/sites/nativeseasons.shtml

2023-12-12 10:44:33,210 - main.__main__ - ERROR - ManitobaHistoricalScrapper/get_site_info_from_dic/Parse through Sources: 'NoneType' object has no attribute 'text' 
Url: http://www.mhs.mb.ca/docs/sites/macpap.shtml

2023-12-12 10:44:33,333 - main.__main__ - ERROR - ManitobaHistoricalScrapper/get_site_info_from_dic/Parse through Sources: 'NoneType' object has no attribute 'text' 
Url: http://www.mhs.mb.ca/docs/sites/winnipeggeneralstrike.shtml

2023-12-12 10:44:35,648 - main.__main__ - ERROR - ManitobaHistoricalScrapper/get_site_info_from_dic/Parse through Sources: 'NoneType' object has no attribute 'text' 
Url: http://www.mhs.mb.ca/docs/sites/vasaspark.shtml

2023-12-12 10:44:42,715 - main.__main__ - ERROR - ManitobaHistoricalScrapper/get_site_info_from_dic/Parse through Sources: 'NoneType' object has no attribute 'text' 
Url: http://www.mhs.mb.ca/docs/sites/fortdouglascairn.shtml

2023-12-12 10:45:08,843 - main.__main__ - ERROR - ManitobaHistoricalScrapper/get_site_info_from_dic/Get Image Block: 'NoneType' object has no attribute 'tr' 
Url: http://www.mhs.mb.ca/docs/sites/taylorbarn.shtml

2023-12-12 10:45:08,843 - main.__main__ - ERROR - ManitobaHistoricalScrapper/get_site_info_from_dic/Parse_Site_Webpage: 'NoneType' object has no attribute 'contents'
2023-12-12 10:46:32,682 - main.__main__ - ERROR - ManitobaHistoricalScrapper/get_site_info_from_dic/Parse through Sources: 'NoneType' object has no attribute 'text' 
Url: http://www.mhs.mb.ca/docs/sites/fortellicetrail2.shtml

2023-12-12 10:47:23,789 - main.__main__ - ERROR - ManitobaHistoricalScrapper/get_site_info_from_dic/Get Image Block: 'NoneType' object has no attribute 'tr' 
Url: http://www.mhs.mb.ca/docs/sites/magerpark.shtml

2023-12-12 10:47:23,789 - main.__main__ - ERROR - ManitobaHistoricalScrapper/get_site_info_from_dic/Parse_Site_Webpage: 'NoneType' object has no attribute 'contents'
2023-12-12 10:47:33,063 - main.__main__ - ERROR - ManitobaHistoricalScrapper/get_site_info_from_dic/Get Image Block: 'NoneType' object has no attribute 'tr' 
Url: http://www.mhs.mb.ca/docs/sites/doranbarn.shtml

2023-12-12 10:47:33,063 - main.__main__ - ERROR - ManitobaHistoricalScrapper/get_site_info_from_dic/Parse_Site_Webpage: 'NoneType' object has no attribute 'contents'
2023-12-12 10:47:36,030 - main.__main__ - ERROR - ManitobaHistoricalScrapper/get_site_info_from_dic/Get Image Block: 'NoneType' object has no attribute 'tr' 
Url: http://www.mhs.mb.ca/docs/sites/govenlockbarn.shtml

2023-12-12 10:47:36,030 - main.__main__ - ERROR - ManitobaHistoricalScrapper/get_site_info_from_dic/Parse_Site_Webpage: 'NoneType' object has no attribute 'contents'
2023-12-12 10:47:36,344 - main.__main__ - ERROR - ManitobaHistoricalScrapper/get_site_info_from_dic/Get Image Block: 'NoneType' object has no attribute 'tr' 
Url: http://www.mhs.mb.ca/docs/sites/cottongranary.shtml

2023-12-12 10:47:36,401 - main.__main__ - ERROR - ManitobaHistoricalScrapper/get_site_info_from_dic/Parse_Site_Webpage: 'NoneType' object has no attribute 'contents'
2023-12-12 10:47:36,522 - main.__main__ - ERROR - ManitobaHistoricalScrapper/get_site_info_from_dic/Get Image Block: 'NoneType' object has no attribute 'tr' 
Url: http://www.mhs.mb.ca/docs/sites/cottonbarn.shtml

2023-12-12 10:47:36,522 - main.__main__ - ERROR - ManitobaHistoricalScrapper/get_site_info_from_dic/Parse_Site_Webpage: 'NoneType' object has no attribute 'contents'
2023-12-12 10:47:36,952 - main.__main__ - ERROR - ManitobaHistoricalScrapper/get_site_info_from_dic/Get Image Block: 'NoneType' object has no attribute 'tr' 
Url: http://www.mhs.mb.ca/docs/sites/mclarenfarm.shtml

2023-12-12 10:47:36,952 - main.__main__ - ERROR - ManitobaHistoricalScrapper/get_site_info_from_dic/Parse_Site_Webpage: 'NoneType' object has no attribute 'contents'
2023-12-12 10:47:37,043 - main.__main__ - ERROR - ManitobaHistoricalScrapper/get_site_info_from_dic/Get Image Block: 'NoneType' object has no attribute 'tr' 
Url: http://www.mhs.mb.ca/docs/sites/crandellbarn.shtml

2023-12-12 10:47:37,044 - main.__main__ - ERROR - ManitobaHistoricalScrapper/get_site_info_from_dic/Parse_Site_Webpage: 'NoneType' object has no attribute 'contents'
2023-12-12 10:47:37,153 - main.__main__ - ERROR - ManitobaHistoricalScrapper/get_site_info_from_dic/Get Image Block: 'NoneType' object has no attribute 'tr' 
Url: http://www.mhs.mb.ca/docs/sites/dubebarn.shtml

2023-12-12 10:47:37,153 - main.__main__ - ERROR - ManitobaHistoricalScrapper/get_site_info_from_dic/Parse_Site_Webpage: 'NoneType' object has no attribute 'contents'
2023-12-12 10:47:37,253 - main.__main__ - ERROR - ManitobaHistoricalScrapper/get_site_info_from_dic/Get Image Block: 'NoneType' object has no attribute 'tr' 
Url: http://www.mhs.mb.ca/docs/sites/ocallaghanbarn.shtml

2023-12-12 10:47:37,253 - main.__main__ - ERROR - ManitobaHistoricalScrapper/get_site_info_from_dic/Parse_Site_Webpage: 'NoneType' object has no attribute 'contents'
2023-12-12 10:47:37,375 - main.__main__ - ERROR - ManitobaHistoricalScrapper/get_site_info_from_dic/Get Image Block: 'NoneType' object has no attribute 'tr' 
Url: http://www.mhs.mb.ca/docs/sites/roperbarn.shtml

2023-12-12 10:47:37,375 - main.__main__ - ERROR - ManitobaHistoricalScrapper/get_site_info_from_dic/Parse_Site_Webpage: 'NoneType' object has no attribute 'contents'
2023-12-12 10:47:37,476 - main.__main__ - ERROR - ManitobaHistoricalScrapper/get_site_info_from_dic/Get Image Block: 'NoneType' object has no attribute 'tr' 
Url: http://www.mhs.mb.ca/docs/sites/armstrongbarn.shtml

2023-12-12 10:47:37,476 - main.__main__ - ERROR - ManitobaHistoricalScrapper/get_site_info_from_dic/Parse_Site_Webpage: 'NoneType' object has no attribute 'contents'
2023-12-12 10:47:37,578 - main.__main__ - ERROR - ManitobaHistoricalScrapper/get_site_info_from_dic/Get Image Block: 'NoneType' object has no attribute 'tr' 
Url: http://www.mhs.mb.ca/docs/sites/motheralbarn.shtml

2023-12-12 10:47:37,579 - main.__main__ - ERROR - ManitobaHistoricalScrapper/get_site_info_from_dic/Parse_Site_Webpage: 'NoneType' object has no attribute 'contents'
2023-12-12 10:47:37,705 - main.__main__ - ERROR - ManitobaHistoricalScrapper/get_site_info_from_dic/Get Image Block: 'NoneType' object has no attribute 'tr' 
Url: http://www.mhs.mb.ca/docs/sites/allisonbarn.shtml

2023-12-12 10:47:37,705 - main.__main__ - ERROR - ManitobaHistoricalScrapper/get_site_info_from_dic/Parse_Site_Webpage: 'NoneType' object has no attribute 'contents'
2023-12-12 10:47:37,836 - main.__main__ - ERROR - ManitobaHistoricalScrapper/get_site_info_from_dic/Get Image Block: 'NoneType' object has no attribute 'tr' 
Url: http://www.mhs.mb.ca/docs/sites/maloneysilos.shtml

2023-12-12 10:47:37,836 - main.__main__ - ERROR - ManitobaHistoricalScrapper/get_site_info_from_dic/Parse_Site_Webpage: 'NoneType' object has no attribute 'contents'
2023-12-12 10:47:37,956 - main.__main__ - ERROR - ManitobaHistoricalScrapper/get_site_info_from_dic/Get Image Block: 'NoneType' object has no attribute 'tr' 
Url: http://www.mhs.mb.ca/docs/sites/sellersbarn.shtml

2023-12-12 10:47:37,956 - main.__main__ - ERROR - ManitobaHistoricalScrapper/get_site_info_from_dic/Parse_Site_Webpage: 'NoneType' object has no attribute 'contents'
2023-12-12 10:47:38,100 - main.__main__ - ERROR - ManitobaHistoricalScrapper/get_site_info_from_dic/Get Image Block: 'NoneType' object has no attribute 'tr' 
Url: http://www.mhs.mb.ca/docs/sites/patersonbarn.shtml

2023-12-12 10:47:38,100 - main.__main__ - ERROR - ManitobaHistoricalScrapper/get_site_info_from_dic/Parse_Site_Webpage: 'NoneType' object has no attribute 'contents'
2023-12-12 10:47:38,230 - main.__main__ - ERROR - ManitobaHistoricalScrapper/get_site_info_from_dic/Get Image Block: 'NoneType' object has no attribute 'tr' 
Url: http://www.mhs.mb.ca/docs/sites/forderbarn.shtml

2023-12-12 10:47:38,231 - main.__main__ - ERROR - ManitobaHistoricalScrapper/get_site_info_from_dic/Parse_Site_Webpage: 'NoneType' object has no attribute 'contents'
2023-12-12 10:47:38,355 - main.__main__ - ERROR - ManitobaHistoricalScrapper/get_site_info_from_dic/Get Image Block: 'NoneType' object has no attribute 'tr' 
Url: http://www.mhs.mb.ca/docs/sites/mcquaybarn.shtml

2023-12-12 10:47:38,355 - main.__main__ - ERROR - ManitobaHistoricalScrapper/get_site_info_from_dic/Parse_Site_Webpage: 'NoneType' object has no attribute 'contents'
2023-12-12 10:47:38,456 - main.__main__ - ERROR - ManitobaHistoricalScrapper/get_site_info_from_dic/Get Image Block: 'NoneType' object has no attribute 'tr' 
Url: http://www.mhs.mb.ca/docs/sites/ozolbarn.shtml

2023-12-12 10:47:38,457 - main.__main__ - ERROR - ManitobaHistoricalScrapper/get_site_info_from_dic/Parse_Site_Webpage: 'NoneType' object has no attribute 'contents'
2023-12-12 10:47:40,006 - main.__main__ - ERROR - ManitobaHistoricalScrapper/get_site_info_from_dic/Parse through Sources: 'NoneType' object has no attribute 'text' 
Url: http://www.mhs.mb.ca/docs/sites/paulsonairport.shtml

2023-12-12 10:47:46,046 - main.__main__ - ERROR - ManitobaHistoricalScrapper/get_site_info_from_dic/Parse through Sources: 'NoneType' object has no attribute 'text' 
Url: http://www.mhs.mb.ca/docs/sites/gracemethodist2.shtml

2023-12-12 10:48:26,741 - main.__main__ - ERROR - ManitobaHistoricalScrapper/get_site_info_from_dic/Get Image Block: 'NoneType' object has no attribute 'tr' 
Url: http://www.mhs.mb.ca/docs/sites/tonegrainsilo.shtml

2023-12-12 10:48:26,741 - main.__main__ - ERROR - ManitobaHistoricalScrapper/get_site_info_from_dic/Parse_Site_Webpage: 'NoneType' object has no attribute 'contents'
2023-12-12 10:48:29,271 - main.__main__ - ERROR - ManitobaHistoricalScrapper/get_site_info_from_dic/Get Image Block: 'NoneType' object has no attribute 'tr' 
Url: http://www.mhs.mb.ca/docs/sites/klippensteinbarn.shtml

2023-12-12 10:48:29,272 - main.__main__ - ERROR - ManitobaHistoricalScrapper/get_site_info_from_dic/Parse_Site_Webpage: 'NoneType' object has no attribute 'contents'
2023-12-12 10:48:33,050 - main.__main__ - ERROR - ManitobaHistoricalScrapper/get_site_info_from_dic/Get Image Block: 'NoneType' object has no attribute 'tr' 
Url: http://www.mhs.mb.ca/docs/sites/rempeljanzfoxtower.shtml

2023-12-12 10:48:33,051 - main.__main__ - ERROR - ManitobaHistoricalScrapper/get_site_info_from_dic/Parse_Site_Webpage: 'NoneType' object has no attribute 'contents'
2023-12-12 10:48:42,766 - main.__main__ - ERROR - ManitobaHistoricalScrapper/get_site_info_from_dic/Parse through Sources: 'NoneType' object has no attribute 'text' 
Url: http://www.mhs.mb.ca/docs/sites/fortellicetrail3.shtml

2023-12-12 10:48:51,359 - main.__main__ - ERROR - ManitobaHistoricalScrapper/get_site_info_from_dic/Get Image Block: 'NoneType' object has no attribute 'tr' 
Url: http://www.mhs.mb.ca/docs/sites/wardlebarn.shtml

2023-12-12 10:48:51,359 - main.__main__ - ERROR - ManitobaHistoricalScrapper/get_site_info_from_dic/Parse_Site_Webpage: 'NoneType' object has no attribute 'contents'
2023-12-12 10:50:54,173 - main.__main__ - ERROR - ManitobaHistoricalScrapper/get_site_info_from_dic/Parse through Sources: 'NoneType' object has no attribute 'text' 
Url: http://www.mhs.mb.ca/docs/sites/fortellicetrail4.shtml

2023-12-12 10:50:54,667 - main.__main__ - ERROR - ManitobaHistoricalScrapper/get_site_info_from_dic/Get Sources: 'NoneType' object has no attribute 'find_next_sibling' 
Url: http://www.mhs.mb.ca/docs/sites/winnipeghydrowarmemorial.shtml

2023-12-12 10:51:28,285 - main.__main__ - ERROR - ManitobaHistoricalScrapper/get_site_info_from_dic/Get Image Block: 'NoneType' object has no attribute 'tr' 
Url: http://www.mhs.mb.ca/docs/sites/foxbarn.shtml

2023-12-12 10:51:28,285 - main.__main__ - ERROR - ManitobaHistoricalScrapper/get_site_info_from_dic/Parse_Site_Webpage: 'NoneType' object has no attribute 'contents'
2023-12-12 10:51:45,080 - main.__main__ - ERROR - ManitobaHistoricalScrapper/get_site_info_from_dic/Parse through Sources: 'NoneType' object has no attribute 'text' 
Url: http://www.mhs.mb.ca/docs/sites/arbuthnothouse.shtml

2023-12-12 10:52:30,885 - main.__main__ - ERROR - ManitobaHistoricalScrapper/get_site_info_from_dic/Parse through Sources: 'NoneType' object has no attribute 'text' 
Url: http://www.mhs.mb.ca/docs/sites/womenspavilion.shtml

2023-12-12 10:52:40,151 - main.__main__ - ERROR - ManitobaHistoricalScrapper/get_site_info_from_dic/Get Image Block: 'NoneType' object has no attribute 'tr' 
Url: http://www.mhs.mb.ca/docs/sites/agriculturalcollegebarn.shtml

2023-12-12 10:52:40,151 - main.__main__ - ERROR - ManitobaHistoricalScrapper/get_site_info_from_dic/Parse_Site_Webpage: 'NoneType' object has no attribute 'contents'
2023-12-12 10:53:26,681 - main.__main__ - ERROR - ManitobaHistoricalScrapper/get_site_info_from_dic/Parse through Sources: 'NoneType' object has no attribute 'text' 
Url: http://www.mhs.mb.ca/docs/sites/norquaybuilding.shtml

2023-12-12 10:54:09,862 - main.__main__ - ERROR - ManitobaHistoricalScrapper/get_site_info_from_dic/Get Image Block: 'NoneType' object has no attribute 'tr' 
Url: http://www.mhs.mb.ca/docs/sites/knoxhousewarsaw.shtml

2023-12-12 10:54:09,862 - main.__main__ - ERROR - ManitobaHistoricalScrapper/get_site_info_from_dic/Parse_Site_Webpage: 'NoneType' object has no attribute 'contents'
2023-12-12 10:54:10,065 - main.__main__ - ERROR - ManitobaHistoricalScrapper/get_site_info_from_dic/Get Image Block: 'NoneType' object has no attribute 'tr' 
Url: http://www.mhs.mb.ca/docs/sites/taylorhousemcmillan.shtml

2023-12-12 10:54:10,065 - main.__main__ - ERROR - ManitobaHistoricalScrapper/get_site_info_from_dic/Parse_Site_Webpage: 'NoneType' object has no attribute 'contents'
2023-12-12 10:55:53,729 - main.__main__ - ERROR - ManitobaHistoricalScrapper/get_site_info_from_dic/Get Sources: 'NoneType' object has no attribute 'find_next_sibling' 
Url: http://www.mhs.mb.ca/docs/sites/emersonquarantine.shtml

2023-12-12 10:56:04,992 - main - INFO - Insert Data into Database
